<?xml version="1.0" encoding="UTF-8"?>
<testng-results ignored="0" total="4" passed="4" failed="0" skipped="0">
  <reporter-output>
  </reporter-output>
  <suite started-at="2022-10-30T06:50:18 EDT" name="All Test Suite" finished-at="2022-10-30T06:50:26 EDT" duration-ms="8224">
    <groups>
    </groups>
    <test started-at="2022-10-30T06:50:18 EDT" name="D:/Java/KvecherinaBdd/src/test/java/selenium/tests/NavbarTest.java" finished-at="2022-10-30T06:50:26 EDT" duration-ms="8224">
      <class name="selenium.tests.NavbarTest">
        <test-method is-config="true" signature="setup()[pri:0, instance:selenium.tests.NavbarTest@6babf3bf]" started-at="2022-10-30T06:50:18 EDT" name="setup" finished-at="2022-10-30T06:50:21 EDT" duration-ms="2640" status="PASS">
          <reporter-output>
          </reporter-output>
        </test-method> <!-- setup -->
        <test-method signature="navbarIsDisplayedAfterPageIsLoaded()[pri:0, instance:selenium.tests.NavbarTest@6babf3bf]" started-at="2022-10-30T06:50:21 EDT" name="navbarIsDisplayedAfterPageIsLoaded" finished-at="2022-10-30T06:50:21 EDT" duration-ms="79" status="PASS">
          <reporter-output>
          </reporter-output>
        </test-method> <!-- navbarIsDisplayedAfterPageIsLoaded -->
        <test-method is-config="true" signature="tearDown()[pri:0, instance:selenium.tests.NavbarTest@6babf3bf]" started-at="2022-10-30T06:50:21 EDT" name="tearDown" finished-at="2022-10-30T06:50:21 EDT" duration-ms="127" status="PASS">
          <reporter-output>
          </reporter-output>
        </test-method> <!-- tearDown -->
        <test-method is-config="true" signature="setup()[pri:0, instance:selenium.tests.NavbarTest@6babf3bf]" started-at="2022-10-30T06:50:21 EDT" name="setup" finished-at="2022-10-30T06:50:22 EDT" duration-ms="1573" status="PASS">
          <reporter-output>
          </reporter-output>
        </test-method> <!-- setup -->
        <test-method signature="assertAllShowsNavLinkIsDisplayedAndAssertText()[pri:0, instance:selenium.tests.NavbarTest@6babf3bf]" started-at="2022-10-30T06:50:22 EDT" name="assertAllShowsNavLinkIsDisplayedAndAssertText" finished-at="2022-10-30T06:50:23 EDT" duration-ms="75" status="PASS">
          <reporter-output>
          </reporter-output>
        </test-method> <!-- assertAllShowsNavLinkIsDisplayedAndAssertText -->
        <test-method is-config="true" signature="tearDown()[pri:0, instance:selenium.tests.NavbarTest@6babf3bf]" started-at="2022-10-30T06:50:23 EDT" name="tearDown" finished-at="2022-10-30T06:50:23 EDT" duration-ms="124" status="PASS">
          <reporter-output>
          </reporter-output>
        </test-method> <!-- tearDown -->
        <test-method is-config="true" signature="setup()[pri:0, instance:selenium.tests.NavbarTest@6babf3bf]" started-at="2022-10-30T06:50:23 EDT" name="setup" finished-at="2022-10-30T06:50:24 EDT" duration-ms="1580" status="PASS">
          <reporter-output>
          </reporter-output>
        </test-method> <!-- setup -->
        <test-method signature="assertAllPerformersNavLinkIsDisplayedAndAssertText()[pri:0, instance:selenium.tests.NavbarTest@6babf3bf]" started-at="2022-10-30T06:50:24 EDT" name="assertAllPerformersNavLinkIsDisplayedAndAssertText" finished-at="2022-10-30T06:50:24 EDT" duration-ms="76" status="PASS">
          <reporter-output>
          </reporter-output>
        </test-method> <!-- assertAllPerformersNavLinkIsDisplayedAndAssertText -->
        <test-method is-config="true" signature="tearDown()[pri:0, instance:selenium.tests.NavbarTest@6babf3bf]" started-at="2022-10-30T06:50:24 EDT" name="tearDown" finished-at="2022-10-30T06:50:24 EDT" duration-ms="104" status="PASS">
          <reporter-output>
          </reporter-output>
        </test-method> <!-- tearDown -->
        <test-method is-config="true" signature="setup()[pri:0, instance:selenium.tests.NavbarTest@6babf3bf]" started-at="2022-10-30T06:50:24 EDT" name="setup" finished-at="2022-10-30T06:50:26 EDT" duration-ms="1610" status="PASS">
          <reporter-output>
          </reporter-output>
        </test-method> <!-- setup -->
        <test-method signature="assertLoginNavLinkIsDisplayedAndAssertLoginIconClassName()[pri:0, instance:selenium.tests.NavbarTest@6babf3bf]" started-at="2022-10-30T06:50:26 EDT" name="assertLoginNavLinkIsDisplayedAndAssertLoginIconClassName" finished-at="2022-10-30T06:50:26 EDT" duration-ms="70" status="PASS">
          <reporter-output>
          </reporter-output>
        </test-method> <!-- assertLoginNavLinkIsDisplayedAndAssertLoginIconClassName -->
        <test-method is-config="true" signature="tearDown()[pri:0, instance:selenium.tests.NavbarTest@6babf3bf]" started-at="2022-10-30T06:50:26 EDT" name="tearDown" finished-at="2022-10-30T06:50:26 EDT" duration-ms="139" status="PASS">
          <reporter-output>
          </reporter-output>
        </test-method> <!-- tearDown -->
      </class> <!-- selenium.tests.NavbarTest -->
    </test> <!-- D:/Java/KvecherinaBdd/src/test/java/selenium/tests/NavbarTest.java -->
  </suite> <!-- All Test Suite -->
</testng-results>
