<?xml version="1.0" encoding="UTF-8"?>
<!-- Generated by org.testng.reporters.JUnitXMLReporter -->
<testsuite ignored="0" hostname="DESKTOP-8I6I0RA" failures="0" tests="3" name="LoginTests" time="6.536" errors="0" timestamp="2022-10-30T13:45:14 EDT">
  <testcase classname="selenium.tests.LoginTest" name="assertUserNameAndPasswordLabelsTexts" time="0.04"/>
  <testcase classname="selenium.tests.LoginTest" name="assertUserNameAndPasswordInputType" time="0.043"/>
  <testcase classname="selenium.tests.LoginTest" name="assertFailLogin" time="0.818"/>
</testsuite> <!-- LoginTests -->
