<?xml version="1.0" encoding="UTF-8"?>
<!-- Generated by org.testng.reporters.JUnitXMLReporter -->
<testsuite ignored="0" hostname="DESKTOP-8I6I0RA" failures="0" tests="4" name="NavbarTests" time="22.594" errors="0" timestamp="2022-11-01T14:05:33 EDT">
  <testcase classname="selenium.tests.NavbarTest" name="navbarIsDisplayedAfterPageIsLoaded" time="0.073"/>
  <testcase classname="selenium.tests.NavbarTest" name="assertAllShowsNavLinkIsDisplayedAndAssertText" time="0.076"/>
  <testcase classname="selenium.tests.NavbarTest" name="assertAllPerformersNavLinkIsDisplayedAndAssertText" time="0.072"/>
  <testcase classname="selenium.tests.NavbarTest" name="assertLoginNavLinkIsDisplayedAndAssertLoginIconClassName" time="0.069"/>
</testsuite> <!-- NavbarTests -->
