<?xml version="1.0" encoding="UTF-8"?>
<!-- Generated by org.testng.reporters.JUnitXMLReporter -->
<testsuite ignored="0" hostname="DESKTOP-8I6I0RA" failures="0" tests="4" name="NavbarTests" time="7.336" errors="0" timestamp="2022-10-30T17:43:30 EDT">
  <testcase classname="selenium.tests.NavbarTest" name="navbarIsDisplayedAfterPageIsLoaded" time="0.081"/>
  <testcase classname="selenium.tests.NavbarTest" name="assertAllShowsNavLinkIsDisplayedAndAssertText" time="0.071"/>
  <testcase classname="selenium.tests.NavbarTest" name="assertAllPerformersNavLinkIsDisplayedAndAssertText" time="0.072"/>
  <testcase classname="selenium.tests.NavbarTest" name="assertLoginNavLinkIsDisplayedAndAssertLoginIconClassName" time="0.075"/>
</testsuite> <!-- NavbarTests -->
